<?xml version="1.0" encoding="UTF-8"?>
<testng-results skipped="0" failed="0" ignored="0" total="1" passed="1">
  <reporter-output>
  </reporter-output>
  <suite name="Default suite" duration-ms="61" started-at="2021-03-23T22:33:23Z" finished-at="2021-03-23T22:33:23Z">
    <groups>
    </groups>
    <test name="Default test" duration-ms="61" started-at="2021-03-23T22:33:23Z" finished-at="2021-03-23T22:33:23Z">
      <class name="example.NewTest">
        <test-method status="PASS" signature="beforeTest()[pri:0, instance:example.NewTest@cb5822]" name="beforeTest" is-config="true" duration-ms="17" started-at="2021-03-23T22:33:23Z" finished-at="2021-03-23T22:33:23Z">
          <reporter-output>
          </reporter-output>
        </test-method> <!-- beforeTest -->
        <test-method status="PASS" signature="f()[pri:0, instance:example.NewTest@cb5822]" name="f" duration-ms="14" started-at="2021-03-23T22:33:23Z" finished-at="2021-03-23T22:33:23Z">
          <reporter-output>
          </reporter-output>
        </test-method> <!-- f -->
        <test-method status="PASS" signature="afterTest()[pri:0, instance:example.NewTest@cb5822]" name="afterTest" is-config="true" duration-ms="0" started-at="2021-03-23T22:33:23Z" finished-at="2021-03-23T22:33:23Z">
          <reporter-output>
          </reporter-output>
        </test-method> <!-- afterTest -->
      </class> <!-- example.NewTest -->
    </test> <!-- Default test -->
  </suite> <!-- Default suite -->
</testng-results>
